<?xml version="1.0" encoding="UTF-8"?>
<!-- Generated by org.testng.reporters.JUnitReportReporter -->
<testsuite skipped="0" hostname="User" name="org.testng.Testcode" tests="1" failures="0" timestamp="09 Jan 2021 14:49:53 GMT" time="36.320" errors="0">
  <testcase name="test" time="36.320" classname="org.testng.Testcode"/>
</testsuite> <!-- org.testng.Testcode -->
